08:01:15 [http-nio-8080-exec-7] DEBUG o.s.b.w.f.OrderedRequestContextFilter - Bound request context to thread: org.apache.catalina.connector.RequestFacade@1f6077c
08:01:15 [http-nio-8080-exec-7] DEBUG o.s.w.servlet.DispatcherServlet - DispatcherServlet with name 'dispatcherServlet' processing GET request for [/login/out]
08:01:15 [http-nio-8080-exec-7] DEBUG o.s.w.s.m.m.a.RequestMappingHandlerMapping - Looking up handler method for path /login/out
08:01:15 [http-nio-8080-exec-7] DEBUG o.s.w.s.m.m.a.RequestMappingHandlerMapping - Returning handler method [public org.springframework.web.servlet.ModelAndView com.example.demo.controller.LoginController.edit(javax.servlet.http.HttpServletRequest)]
08:01:15 [http-nio-8080-exec-7] DEBUG o.s.b.f.s.DefaultListableBeanFactory - Returning cached instance of singleton bean 'loginController'
08:01:15 [http-nio-8080-exec-7] DEBUG o.s.w.servlet.DispatcherServlet - Last-Modified value for [/login/out] is: -1
08:01:15 [http-nio-8080-exec-7] DEBUG o.s.w.s.v.ContentNegotiatingViewResolver - Requested media types are [text/html, application/xhtml+xml, application/xml;q=0.9, */*;q=0.8] based on Accept header types and producible media types [*/*])
08:01:15 [http-nio-8080-exec-7] DEBUG o.s.w.s.v.BeanNameViewResolver - No matching bean found for view name 'redirect:http://127.0.0.1:8080/login'
08:01:15 [http-nio-8080-exec-7] DEBUG o.s.b.f.s.DefaultListableBeanFactory - Invoking afterPropertiesSet() on bean with name 'redirect:http://127.0.0.1:8080/login'
08:01:15 [http-nio-8080-exec-7] DEBUG o.s.w.s.v.ContentNegotiatingViewResolver - Returning redirect view [org.springframework.web.servlet.view.RedirectView: name 'redirect:http://127.0.0.1:8080/login'; URL [http://127.0.0.1:8080/login]]
08:01:15 [http-nio-8080-exec-7] DEBUG o.s.w.servlet.DispatcherServlet - Rendering view [org.springframework.web.servlet.view.RedirectView: name 'redirect:http://127.0.0.1:8080/login'; URL [http://127.0.0.1:8080/login]] in DispatcherServlet with name 'dispatcherServlet'
08:01:15 [http-nio-8080-exec-7] DEBUG o.s.w.servlet.DispatcherServlet - Successfully completed request
08:01:15 [http-nio-8080-exec-7] DEBUG o.s.b.w.f.OrderedRequestContextFilter - Cleared thread-bound request context: org.apache.catalina.connector.RequestFacade@1f6077c
08:01:15 [http-nio-8080-exec-5] DEBUG o.s.b.w.f.OrderedRequestContextFilter - Bound request context to thread: org.apache.catalina.connector.RequestFacade@1f6077c
08:01:15 [http-nio-8080-exec-5] DEBUG o.s.w.servlet.DispatcherServlet - DispatcherServlet with name 'dispatcherServlet' processing GET request for [/login]
08:01:15 [http-nio-8080-exec-5] DEBUG o.s.w.s.m.m.a.RequestMappingHandlerMapping - Looking up handler method for path /login
08:01:15 [http-nio-8080-exec-5] DEBUG o.s.w.s.m.m.a.RequestMappingHandlerMapping - Returning handler method [public org.springframework.web.servlet.ModelAndView com.example.demo.controller.LoginController.login()]
08:01:15 [http-nio-8080-exec-5] DEBUG o.s.b.f.s.DefaultListableBeanFactory - Returning cached instance of singleton bean 'loginController'
08:01:15 [http-nio-8080-exec-5] DEBUG o.s.w.servlet.DispatcherServlet - Last-Modified value for [/login] is: -1
08:01:15 [http-nio-8080-exec-5] DEBUG o.s.w.s.v.ContentNegotiatingViewResolver - Requested media types are [text/html, application/xhtml+xml, application/xml;q=0.9, */*;q=0.8] based on Accept header types and producible media types [*/*])
08:01:15 [http-nio-8080-exec-5] DEBUG o.s.w.s.v.BeanNameViewResolver - No matching bean found for view name 'login'
08:01:15 [http-nio-8080-exec-5] DEBUG o.s.b.f.s.DefaultListableBeanFactory - Returning cached instance of singleton bean 'freeMarkerConfigurer'
08:01:15 [http-nio-8080-exec-5] DEBUG o.s.b.f.s.DefaultListableBeanFactory - Invoking afterPropertiesSet() on bean with name 'login'
08:01:15 [http-nio-8080-exec-5] DEBUG freemarker.cache - TemplateLoader.findTemplateSource("login_zh_CN.ftl"): Not found
08:01:15 [http-nio-8080-exec-5] DEBUG freemarker.cache - TemplateLoader.findTemplateSource("login_zh.ftl"): Not found
08:01:15 [http-nio-8080-exec-5] DEBUG freemarker.cache - TemplateLoader.findTemplateSource("login.ftl"): Found
08:01:15 [http-nio-8080-exec-5] DEBUG freemarker.cache - "login.ftl"("zh_CN", UTF-8, parsed): using cached since D:\Program Files\demo\target\classes\templates\login.ftl hasn't changed.
08:01:15 [http-nio-8080-exec-5] DEBUG o.s.w.s.v.ContentNegotiatingViewResolver - Returning [org.springframework.web.servlet.view.freemarker.FreeMarkerView: name 'login'; URL [login.ftl]] based on requested media type 'text/html'
08:01:15 [http-nio-8080-exec-5] DEBUG o.s.w.servlet.DispatcherServlet - Rendering view [org.springframework.web.servlet.view.freemarker.FreeMarkerView: name 'login'; URL [login.ftl]] in DispatcherServlet with name 'dispatcherServlet'
08:01:15 [http-nio-8080-exec-5] DEBUG o.s.w.s.v.f.FreeMarkerView - Added model object 'springMacroRequestContext' of type [org.springframework.web.servlet.support.RequestContext] to request in view with name 'login'
08:01:15 [http-nio-8080-exec-5] DEBUG o.s.w.s.v.f.FreeMarkerView - Rendering FreeMarker template [login.ftl] in FreeMarkerView 'login'
08:01:15 [http-nio-8080-exec-5] DEBUG freemarker.cache - "login.ftl"("zh_CN", UTF-8, parsed) cached copy not yet stale; using cached.
08:01:15 [http-nio-8080-exec-5] DEBUG o.s.w.servlet.DispatcherServlet - Successfully completed request
08:01:15 [http-nio-8080-exec-5] DEBUG o.s.b.w.f.OrderedRequestContextFilter - Cleared thread-bound request context: org.apache.catalina.connector.RequestFacade@1f6077c
08:01:15 [http-nio-8080-exec-8] DEBUG o.s.b.w.f.OrderedRequestContextFilter - Bound request context to thread: org.apache.catalina.connector.RequestFacade@1f6077c
08:01:15 [http-nio-8080-exec-8] DEBUG o.s.w.servlet.DispatcherServlet - DispatcherServlet with name 'dispatcherServlet' processing GET request for [/icons/lock.png]
08:01:15 [http-nio-8080-exec-8] DEBUG o.s.w.s.m.m.a.RequestMappingHandlerMapping - Looking up handler method for path /icons/lock.png
08:01:15 [http-nio-8080-exec-8] DEBUG o.s.w.s.m.m.a.RequestMappingHandlerMapping - Did not find handler method for [/icons/lock.png]
08:01:15 [http-nio-8080-exec-8] DEBUG o.s.w.s.h.SimpleUrlHandlerMapping - Matching patterns for request [/icons/lock.png] are [/**]
08:01:15 [http-nio-8080-exec-8] DEBUG o.s.w.s.h.SimpleUrlHandlerMapping - URI Template variables for request [/icons/lock.png] are {}
08:01:15 [http-nio-8080-exec-8] DEBUG o.s.w.s.h.SimpleUrlHandlerMapping - Mapping [/icons/lock.png] to HandlerExecutionChain with handler [ResourceHttpRequestHandler [locations=[ServletContext resource [/], class path resource [META-INF/resources/], class path resource [resources/], class path resource [static/], class path resource [public/]], resolvers=[org.springframework.web.servlet.resource.PathResourceResolver@18fd7c1]]] and 1 interceptor
08:01:15 [http-nio-8080-exec-8] DEBUG o.s.w.servlet.DispatcherServlet - Last-Modified value for [/icons/lock.png] is: -1
08:01:15 [http-nio-8080-exec-8] DEBUG o.s.w.servlet.DispatcherServlet - Null ModelAndView returned to DispatcherServlet with name 'dispatcherServlet': assuming HandlerAdapter completed request handling
08:01:15 [http-nio-8080-exec-8] DEBUG o.s.w.servlet.DispatcherServlet - Successfully completed request
08:01:15 [http-nio-8080-exec-8] DEBUG o.s.b.w.f.OrderedRequestContextFilter - Cleared thread-bound request context: org.apache.catalina.connector.RequestFacade@1f6077c
08:01:15 [http-nio-8080-exec-8] DEBUG o.s.w.servlet.DispatcherServlet - DispatcherServlet with name 'dispatcherServlet' processing GET request for [/error]
08:01:15 [http-nio-8080-exec-8] DEBUG o.s.w.s.m.m.a.RequestMappingHandlerMapping - Looking up handler method for path /error
08:01:15 [http-nio-8080-exec-8] DEBUG o.s.w.s.m.m.a.RequestMappingHandlerMapping - Returning handler method [public org.springframework.http.ResponseEntity<java.util.Map<java.lang.String, java.lang.Object>> org.springframework.boot.autoconfigure.web.BasicErrorController.error(javax.servlet.http.HttpServletRequest)]
08:01:15 [http-nio-8080-exec-8] DEBUG o.s.b.f.s.DefaultListableBeanFactory - Returning cached instance of singleton bean 'basicErrorController'
08:01:15 [http-nio-8080-exec-8] DEBUG o.s.w.servlet.DispatcherServlet - Last-Modified value for [/error] is: -1
08:01:15 [http-nio-8080-exec-8] DEBUG o.s.w.s.m.m.a.HttpEntityMethodProcessor - Written [{timestamp=Wed Mar 28 16:01:15 CST 2018, status=404, error=Not Found, message=No message available, path=/icons/lock.png}] as "application/json" using [org.springframework.http.converter.json.MappingJackson2HttpMessageConverter@19de304]
08:01:15 [http-nio-8080-exec-8] DEBUG o.s.w.servlet.DispatcherServlet - Null ModelAndView returned to DispatcherServlet with name 'dispatcherServlet': assuming HandlerAdapter completed request handling
08:01:15 [http-nio-8080-exec-8] DEBUG o.s.w.servlet.DispatcherServlet - Successfully completed request
08:01:26 [http-nio-8080-exec-9] DEBUG o.s.b.w.f.OrderedRequestContextFilter - Bound request context to thread: org.apache.catalina.connector.RequestFacade@1f6077c
08:01:26 [http-nio-8080-exec-9] DEBUG o.s.w.servlet.DispatcherServlet - DispatcherServlet with name 'dispatcherServlet' processing GET request for [/user/index]
08:01:26 [http-nio-8080-exec-9] DEBUG o.s.w.s.m.m.a.RequestMappingHandlerMapping - Looking up handler method for path /user/index
08:01:26 [http-nio-8080-exec-9] DEBUG o.s.w.s.m.m.a.RequestMappingHandlerMapping - Returning handler method [public org.springframework.web.servlet.ModelAndView com.example.demo.controller.UserController.index(javax.servlet.http.HttpServletRequest)]
08:01:26 [http-nio-8080-exec-9] DEBUG o.s.b.f.s.DefaultListableBeanFactory - Returning cached instance of singleton bean 'userController'
08:01:26 [http-nio-8080-exec-9] DEBUG o.s.w.servlet.DispatcherServlet - Last-Modified value for [/user/index] is: -1
08:01:26 [http-nio-8080-exec-9] DEBUG o.s.w.s.m.m.a.ExceptionHandlerExceptionResolver - Resolving exception from handler [public org.springframework.web.servlet.ModelAndView com.example.demo.controller.UserController.index(javax.servlet.http.HttpServletRequest)]: java.lang.NullPointerException
08:01:26 [http-nio-8080-exec-9] DEBUG o.s.w.s.m.a.ResponseStatusExceptionResolver - Resolving exception from handler [public org.springframework.web.servlet.ModelAndView com.example.demo.controller.UserController.index(javax.servlet.http.HttpServletRequest)]: java.lang.NullPointerException
08:01:26 [http-nio-8080-exec-9] DEBUG o.s.w.s.m.s.DefaultHandlerExceptionResolver - Resolving exception from handler [public org.springframework.web.servlet.ModelAndView com.example.demo.controller.UserController.index(javax.servlet.http.HttpServletRequest)]: java.lang.NullPointerException
08:01:26 [http-nio-8080-exec-9] DEBUG o.s.w.servlet.DispatcherServlet - Could not complete request
java.lang.NullPointerException: null
	at com.example.demo.controller.UserController.index(UserController.java:47)
	at sun.reflect.NativeMethodAccessorImpl.invoke0(Native Method)
	at sun.reflect.NativeMethodAccessorImpl.invoke(NativeMethodAccessorImpl.java:62)
	at sun.reflect.DelegatingMethodAccessorImpl.invoke(DelegatingMethodAccessorImpl.java:43)
	at java.lang.reflect.Method.invoke(Method.java:498)
	at org.springframework.web.method.support.InvocableHandlerMethod.doInvoke(InvocableHandlerMethod.java:205)
	at org.springframework.web.method.support.InvocableHandlerMethod.invokeForRequest(InvocableHandlerMethod.java:133)
	at org.springframework.web.servlet.mvc.method.annotation.ServletInvocableHandlerMethod.invokeAndHandle(ServletInvocableHandlerMethod.java:97)
	at org.springframework.web.servlet.mvc.method.annotation.RequestMappingHandlerAdapter.invokeHandlerMethod(RequestMappingHandlerAdapter.java:827)
	at org.springframework.web.servlet.mvc.method.annotation.RequestMappingHandlerAdapter.handleInternal(RequestMappingHandlerAdapter.java:738)
	at org.springframework.web.servlet.mvc.method.AbstractHandlerMethodAdapter.handle(AbstractHandlerMethodAdapter.java:85)
	at org.springframework.web.servlet.DispatcherServlet.doDispatch(DispatcherServlet.java:967)
	at org.springframework.web.servlet.DispatcherServlet.doService(DispatcherServlet.java:901)
	at org.springframework.web.servlet.FrameworkServlet.processRequest(FrameworkServlet.java:970)
	at org.springframework.web.servlet.FrameworkServlet.doGet(FrameworkServlet.java:861)
	at javax.servlet.http.HttpServlet.service(HttpServlet.java:635)
	at org.springframework.web.servlet.FrameworkServlet.service(FrameworkServlet.java:846)
	at javax.servlet.http.HttpServlet.service(HttpServlet.java:742)
	at org.apache.catalina.core.ApplicationFilterChain.internalDoFilter(ApplicationFilterChain.java:231)
	at org.apache.catalina.core.ApplicationFilterChain.doFilter(ApplicationFilterChain.java:166)
	at org.apache.tomcat.websocket.server.WsFilter.doFilter(WsFilter.java:52)
	at org.apache.catalina.core.ApplicationFilterChain.internalDoFilter(ApplicationFilterChain.java:193)
	at org.apache.catalina.core.ApplicationFilterChain.doFilter(ApplicationFilterChain.java:166)
	at org.springframework.web.filter.RequestContextFilter.doFilterInternal(RequestContextFilter.java:99)
	at org.springframework.web.filter.OncePerRequestFilter.doFilter(OncePerRequestFilter.java:107)
	at org.apache.catalina.core.ApplicationFilterChain.internalDoFilter(ApplicationFilterChain.java:193)
	at org.apache.catalina.core.ApplicationFilterChain.doFilter(ApplicationFilterChain.java:166)
	at org.springframework.web.filter.HttpPutFormContentFilter.doFilterInternal(HttpPutFormContentFilter.java:108)
	at org.springframework.web.filter.OncePerRequestFilter.doFilter(OncePerRequestFilter.java:107)
	at org.apache.catalina.core.ApplicationFilterChain.internalDoFilter(ApplicationFilterChain.java:193)
	at org.apache.catalina.core.ApplicationFilterChain.doFilter(ApplicationFilterChain.java:166)
	at org.springframework.web.filter.HiddenHttpMethodFilter.doFilterInternal(HiddenHttpMethodFilter.java:81)
	at org.springframework.web.filter.OncePerRequestFilter.doFilter(OncePerRequestFilter.java:107)
	at org.apache.catalina.core.ApplicationFilterChain.internalDoFilter(ApplicationFilterChain.java:193)
	at org.apache.catalina.core.ApplicationFilterChain.doFilter(ApplicationFilterChain.java:166)
	at org.springframework.web.filter.CharacterEncodingFilter.doFilterInternal(CharacterEncodingFilter.java:197)
	at org.springframework.web.filter.OncePerRequestFilter.doFilter(OncePerRequestFilter.java:107)
	at org.apache.catalina.core.ApplicationFilterChain.internalDoFilter(ApplicationFilterChain.java:193)
	at org.apache.catalina.core.ApplicationFilterChain.doFilter(ApplicationFilterChain.java:166)
	at org.apache.catalina.core.StandardWrapperValve.invoke(StandardWrapperValve.java:199)
	at org.apache.catalina.core.StandardContextValve.invoke(StandardContextValve.java:96)
	at org.apache.catalina.authenticator.AuthenticatorBase.invoke(AuthenticatorBase.java:504)
	at org.apache.catalina.core.StandardHostValve.invoke(StandardHostValve.java:140)
	at org.apache.catalina.valves.ErrorReportValve.invoke(ErrorReportValve.java:81)
	at org.apache.catalina.core.StandardEngineValve.invoke(StandardEngineValve.java:87)
	at org.apache.catalina.connector.CoyoteAdapter.service(CoyoteAdapter.java:342)
	at org.apache.coyote.http11.Http11Processor.service(Http11Processor.java:803)
	at org.apache.coyote.AbstractProcessorLight.process(AbstractProcessorLight.java:66)
	at org.apache.coyote.AbstractProtocol$ConnectionHandler.process(AbstractProtocol.java:790)
	at org.apache.tomcat.util.net.NioEndpoint$SocketProcessor.doRun(NioEndpoint.java:1459)
	at org.apache.tomcat.util.net.SocketProcessorBase.run(SocketProcessorBase.java:49)
	at java.util.concurrent.ThreadPoolExecutor.runWorker(ThreadPoolExecutor.java:1149)
	at java.util.concurrent.ThreadPoolExecutor$Worker.run(ThreadPoolExecutor.java:624)
	at org.apache.tomcat.util.threads.TaskThread$WrappingRunnable.run(TaskThread.java:61)
	at java.lang.Thread.run(Thread.java:748)
08:01:26 [http-nio-8080-exec-9] DEBUG o.s.b.w.f.OrderedRequestContextFilter - Cleared thread-bound request context: org.apache.catalina.connector.RequestFacade@1f6077c
08:01:26 [http-nio-8080-exec-9] ERROR o.a.c.c.C.[.[.[.[dispatcherServlet] - Servlet.service() for servlet [dispatcherServlet] in context with path [] threw exception [Request processing failed; nested exception is java.lang.NullPointerException] with root cause
java.lang.NullPointerException: null
	at com.example.demo.controller.UserController.index(UserController.java:47)
	at sun.reflect.NativeMethodAccessorImpl.invoke0(Native Method)
	at sun.reflect.NativeMethodAccessorImpl.invoke(NativeMethodAccessorImpl.java:62)
	at sun.reflect.DelegatingMethodAccessorImpl.invoke(DelegatingMethodAccessorImpl.java:43)
	at java.lang.reflect.Method.invoke(Method.java:498)
	at org.springframework.web.method.support.InvocableHandlerMethod.doInvoke(InvocableHandlerMethod.java:205)
	at org.springframework.web.method.support.InvocableHandlerMethod.invokeForRequest(InvocableHandlerMethod.java:133)
	at org.springframework.web.servlet.mvc.method.annotation.ServletInvocableHandlerMethod.invokeAndHandle(ServletInvocableHandlerMethod.java:97)
	at org.springframework.web.servlet.mvc.method.annotation.RequestMappingHandlerAdapter.invokeHandlerMethod(RequestMappingHandlerAdapter.java:827)
	at org.springframework.web.servlet.mvc.method.annotation.RequestMappingHandlerAdapter.handleInternal(RequestMappingHandlerAdapter.java:738)
	at org.springframework.web.servlet.mvc.method.AbstractHandlerMethodAdapter.handle(AbstractHandlerMethodAdapter.java:85)
	at org.springframework.web.servlet.DispatcherServlet.doDispatch(DispatcherServlet.java:967)
	at org.springframework.web.servlet.DispatcherServlet.doService(DispatcherServlet.java:901)
	at org.springframework.web.servlet.FrameworkServlet.processRequest(FrameworkServlet.java:970)
	at org.springframework.web.servlet.FrameworkServlet.doGet(FrameworkServlet.java:861)
	at javax.servlet.http.HttpServlet.service(HttpServlet.java:635)
	at org.springframework.web.servlet.FrameworkServlet.service(FrameworkServlet.java:846)
	at javax.servlet.http.HttpServlet.service(HttpServlet.java:742)
	at org.apache.catalina.core.ApplicationFilterChain.internalDoFilter(ApplicationFilterChain.java:231)
	at org.apache.catalina.core.ApplicationFilterChain.doFilter(ApplicationFilterChain.java:166)
	at org.apache.tomcat.websocket.server.WsFilter.doFilter(WsFilter.java:52)
	at org.apache.catalina.core.ApplicationFilterChain.internalDoFilter(ApplicationFilterChain.java:193)
	at org.apache.catalina.core.ApplicationFilterChain.doFilter(ApplicationFilterChain.java:166)
	at org.springframework.web.filter.RequestContextFilter.doFilterInternal(RequestContextFilter.java:99)
	at org.springframework.web.filter.OncePerRequestFilter.doFilter(OncePerRequestFilter.java:107)
	at org.apache.catalina.core.ApplicationFilterChain.internalDoFilter(ApplicationFilterChain.java:193)
	at org.apache.catalina.core.ApplicationFilterChain.doFilter(ApplicationFilterChain.java:166)
	at org.springframework.web.filter.HttpPutFormContentFilter.doFilterInternal(HttpPutFormContentFilter.java:108)
	at org.springframework.web.filter.OncePerRequestFilter.doFilter(OncePerRequestFilter.java:107)
	at org.apache.catalina.core.ApplicationFilterChain.internalDoFilter(ApplicationFilterChain.java:193)
	at org.apache.catalina.core.ApplicationFilterChain.doFilter(ApplicationFilterChain.java:166)
	at org.springframework.web.filter.HiddenHttpMethodFilter.doFilterInternal(HiddenHttpMethodFilter.java:81)
	at org.springframework.web.filter.OncePerRequestFilter.doFilter(OncePerRequestFilter.java:107)
	at org.apache.catalina.core.ApplicationFilterChain.internalDoFilter(ApplicationFilterChain.java:193)
	at org.apache.catalina.core.ApplicationFilterChain.doFilter(ApplicationFilterChain.java:166)
	at org.springframework.web.filter.CharacterEncodingFilter.doFilterInternal(CharacterEncodingFilter.java:197)
	at org.springframework.web.filter.OncePerRequestFilter.doFilter(OncePerRequestFilter.java:107)
	at org.apache.catalina.core.ApplicationFilterChain.internalDoFilter(ApplicationFilterChain.java:193)
	at org.apache.catalina.core.ApplicationFilterChain.doFilter(ApplicationFilterChain.java:166)
	at org.apache.catalina.core.StandardWrapperValve.invoke(StandardWrapperValve.java:199)
	at org.apache.catalina.core.StandardContextValve.invoke(StandardContextValve.java:96)
	at org.apache.catalina.authenticator.AuthenticatorBase.invoke(AuthenticatorBase.java:504)
	at org.apache.catalina.core.StandardHostValve.invoke(StandardHostValve.java:140)
	at org.apache.catalina.valves.ErrorReportValve.invoke(ErrorReportValve.java:81)
	at org.apache.catalina.core.StandardEngineValve.invoke(StandardEngineValve.java:87)
	at org.apache.catalina.connector.CoyoteAdapter.service(CoyoteAdapter.java:342)
	at org.apache.coyote.http11.Http11Processor.service(Http11Processor.java:803)
	at org.apache.coyote.AbstractProcessorLight.process(AbstractProcessorLight.java:66)
	at org.apache.coyote.AbstractProtocol$ConnectionHandler.process(AbstractProtocol.java:790)
	at org.apache.tomcat.util.net.NioEndpoint$SocketProcessor.doRun(NioEndpoint.java:1459)
	at org.apache.tomcat.util.net.SocketProcessorBase.run(SocketProcessorBase.java:49)
	at java.util.concurrent.ThreadPoolExecutor.runWorker(ThreadPoolExecutor.java:1149)
	at java.util.concurrent.ThreadPoolExecutor$Worker.run(ThreadPoolExecutor.java:624)
	at org.apache.tomcat.util.threads.TaskThread$WrappingRunnable.run(TaskThread.java:61)
	at java.lang.Thread.run(Thread.java:748)
08:01:26 [http-nio-8080-exec-9] DEBUG o.s.w.servlet.DispatcherServlet - DispatcherServlet with name 'dispatcherServlet' processing GET request for [/error]
08:01:26 [http-nio-8080-exec-9] DEBUG o.s.w.s.m.m.a.RequestMappingHandlerMapping - Looking up handler method for path /error
08:01:26 [http-nio-8080-exec-9] DEBUG o.s.w.s.m.m.a.RequestMappingHandlerMapping - Returning handler method [public org.springframework.web.servlet.ModelAndView org.springframework.boot.autoconfigure.web.BasicErrorController.errorHtml(javax.servlet.http.HttpServletRequest,javax.servlet.http.HttpServletResponse)]
08:01:26 [http-nio-8080-exec-9] DEBUG o.s.b.f.s.DefaultListableBeanFactory - Returning cached instance of singleton bean 'basicErrorController'
08:01:26 [http-nio-8080-exec-9] DEBUG o.s.w.servlet.DispatcherServlet - Last-Modified value for [/error] is: -1
08:01:26 [http-nio-8080-exec-9] DEBUG o.s.c.e.PropertySourcesPropertyResolver - Found key 'local.server.port' in PropertySource 'server.ports' with value of type Integer
08:01:26 [http-nio-8080-exec-9] DEBUG o.s.c.e.PropertySourcesPropertyResolver - Found key 'com.sun.management.jmxremote.authenticate' in PropertySource 'systemProperties' with value of type String
08:01:26 [http-nio-8080-exec-9] DEBUG o.s.c.e.PropertySourcesPropertyResolver - Found key 'java.runtime.name' in PropertySource 'systemProperties' with value of type String
08:01:26 [http-nio-8080-exec-9] DEBUG o.s.c.e.PropertySourcesPropertyResolver - Found key 'spring.output.ansi.enabled' in PropertySource 'systemProperties' with value of type String
08:01:26 [http-nio-8080-exec-9] DEBUG o.s.c.e.PropertySourcesPropertyResolver - Found key 'sun.boot.library.path' in PropertySource 'systemProperties' with value of type String
08:01:26 [http-nio-8080-exec-9] DEBUG o.s.c.e.PropertySourcesPropertyResolver - Found key 'java.vm.version' in PropertySource 'systemProperties' with value of type String
08:01:26 [http-nio-8080-exec-9] DEBUG o.s.c.e.PropertySourcesPropertyResolver - Found key 'java.vm.vendor' in PropertySource 'systemProperties' with value of type String
08:01:26 [http-nio-8080-exec-9] DEBUG o.s.c.e.PropertySourcesPropertyResolver - Found key 'java.vendor.url' in PropertySource 'systemProperties' with value of type String
08:01:26 [http-nio-8080-exec-9] DEBUG o.s.c.e.PropertySourcesPropertyResolver - Found key 'java.rmi.server.randomIDs' in PropertySource 'systemProperties' with value of type String
08:01:26 [http-nio-8080-exec-9] DEBUG o.s.c.e.PropertySourcesPropertyResolver - Found key 'path.separator' in PropertySource 'systemProperties' with value of type String
08:01:26 [http-nio-8080-exec-9] DEBUG o.s.c.e.PropertySourcesPropertyResolver - Found key 'java.vm.name' in PropertySource 'systemProperties' with value of type String
08:01:26 [http-nio-8080-exec-9] DEBUG o.s.c.e.PropertySourcesPropertyResolver - Found key 'file.encoding.pkg' in PropertySource 'systemProperties' with value of type String
08:01:26 [http-nio-8080-exec-9] DEBUG o.s.c.e.PropertySourcesPropertyResolver - Found key 'user.country' in PropertySource 'systemProperties' with value of type String
08:01:26 [http-nio-8080-exec-9] DEBUG o.s.c.e.PropertySourcesPropertyResolver - Found key 'user.script' in PropertySource 'systemProperties' with value of type String
08:01:26 [http-nio-8080-exec-9] DEBUG o.s.c.e.PropertySourcesPropertyResolver - Found key 'sun.java.launcher' in PropertySource 'systemProperties' with value of type String
08:01:26 [http-nio-8080-exec-9] DEBUG o.s.c.e.PropertySourcesPropertyResolver - Found key 'sun.os.patch.level' in PropertySource 'systemProperties' with value of type String
08:01:26 [http-nio-8080-exec-9] DEBUG o.s.c.e.PropertySourcesPropertyResolver - Found key 'PID' in PropertySource 'systemProperties' with value of type String
08:01:26 [http-nio-8080-exec-9] DEBUG o.s.c.e.PropertySourcesPropertyResolver - Found key 'com.sun.management.jmxremote.port' in PropertySource 'systemProperties' with value of type String
08:01:26 [http-nio-8080-exec-9] DEBUG o.s.c.e.PropertySourcesPropertyResolver - Found key 'java.vm.specification.name' in PropertySource 'systemProperties' with value of type String
08:01:26 [http-nio-8080-exec-9] DEBUG o.s.c.e.PropertySourcesPropertyResolver - Found key 'user.dir' in PropertySource 'systemProperties' with value of type String
08:01:26 [http-nio-8080-exec-9] DEBUG o.s.c.e.PropertySourcesPropertyResolver - Found key 'java.runtime.version' in PropertySource 'systemProperties' with value of type String
08:01:26 [http-nio-8080-exec-9] DEBUG o.s.c.e.PropertySourcesPropertyResolver - Found key 'java.awt.graphicsenv' in PropertySource 'systemProperties' with value of type String
08:01:26 [http-nio-8080-exec-9] DEBUG o.s.c.e.PropertySourcesPropertyResolver - Found key 'org.jboss.logging.provider' in PropertySource 'systemProperties' with value of type String
08:01:26 [http-nio-8080-exec-9] DEBUG o.s.c.e.PropertySourcesPropertyResolver - Found key 'java.endorsed.dirs' in PropertySource 'systemProperties' with value of type String
08:01:26 [http-nio-8080-exec-9] DEBUG o.s.c.e.PropertySourcesPropertyResolver - Found key 'os.arch' in PropertySource 'systemProperties' with value of type String
08:01:26 [http-nio-8080-exec-9] DEBUG o.s.c.e.PropertySourcesPropertyResolver - Found key 'java.io.tmpdir' in PropertySource 'systemProperties' with value of type String
08:01:26 [http-nio-8080-exec-9] DEBUG o.s.c.e.PropertySourcesPropertyResolver - Found key 'line.separator' in PropertySource 'systemProperties' with value of type String
08:01:26 [http-nio-8080-exec-9] DEBUG o.s.c.e.PropertySourcesPropertyResolver - Found key 'java.vm.specification.vendor' in PropertySource 'systemProperties' with value of type String
08:01:26 [http-nio-8080-exec-9] DEBUG o.s.c.e.PropertySourcesPropertyResolver - Found key 'user.variant' in PropertySource 'systemProperties' with value of type String
08:01:26 [http-nio-8080-exec-9] DEBUG o.s.c.e.PropertySourcesPropertyResolver - Found key 'os.name' in PropertySource 'systemProperties' with value of type String
08:01:26 [http-nio-8080-exec-9] DEBUG o.s.c.e.PropertySourcesPropertyResolver - Found key 'sun.jnu.encoding' in PropertySource 'systemProperties' with value of type String
08:01:26 [http-nio-8080-exec-9] DEBUG o.s.c.e.PropertySourcesPropertyResolver - Found key 'spring.beaninfo.ignore' in PropertySource 'systemProperties' with value of type String
08:01:26 [http-nio-8080-exec-9] DEBUG o.s.c.e.PropertySourcesPropertyResolver - Found key 'java.library.path' in PropertySource 'systemProperties' with value of type String
08:01:26 [http-nio-8080-exec-9] DEBUG o.s.c.e.PropertySourcesPropertyResolver - Found key 'java.specification.name' in PropertySource 'systemProperties' with value of type String
08:01:26 [http-nio-8080-exec-9] DEBUG o.s.c.e.PropertySourcesPropertyResolver - Found key 'java.class.version' in PropertySource 'systemProperties' with value of type String
08:01:26 [http-nio-8080-exec-9] DEBUG o.s.c.e.PropertySourcesPropertyResolver - Found key 'sun.management.compiler' in PropertySource 'systemProperties' with value of type String
08:01:26 [http-nio-8080-exec-9] DEBUG o.s.c.e.PropertySourcesPropertyResolver - Found key 'spring.liveBeansView.mbeanDomain' in PropertySource 'systemProperties' with value of type String
08:01:26 [http-nio-8080-exec-9] DEBUG o.s.c.e.PropertySourcesPropertyResolver - Found key 'os.version' in PropertySource 'systemProperties' with value of type String
08:01:26 [http-nio-8080-exec-9] DEBUG o.s.c.e.PropertySourcesPropertyResolver - Found key 'user.home' in PropertySource 'systemProperties' with value of type String
08:01:26 [http-nio-8080-exec-9] DEBUG o.s.c.e.PropertySourcesPropertyResolver - Found key 'catalina.useNaming' in PropertySource 'systemProperties' with value of type String
08:01:26 [http-nio-8080-exec-9] DEBUG o.s.c.e.PropertySourcesPropertyResolver - Found key 'user.timezone' in PropertySource 'systemProperties' with value of type String
08:01:26 [http-nio-8080-exec-9] DEBUG o.s.c.e.PropertySourcesPropertyResolver - Found key 'java.awt.printerjob' in PropertySource 'systemProperties' with value of type String
08:01:26 [http-nio-8080-exec-9] DEBUG o.s.c.e.PropertySourcesPropertyResolver - Found key 'file.encoding' in PropertySource 'systemProperties' with value of type String
08:01:26 [http-nio-8080-exec-9] DEBUG o.s.c.e.PropertySourcesPropertyResolver - Found key 'java.specification.version' in PropertySource 'systemProperties' with value of type String
08:01:26 [http-nio-8080-exec-9] DEBUG o.s.c.e.PropertySourcesPropertyResolver - Found key 'catalina.home' in PropertySource 'systemProperties' with value of type String
08:01:26 [http-nio-8080-exec-9] DEBUG o.s.c.e.PropertySourcesPropertyResolver - Found key 'java.class.path' in PropertySource 'systemProperties' with value of type String
08:01:26 [http-nio-8080-exec-9] DEBUG o.s.c.e.PropertySourcesPropertyResolver - Found key 'user.name' in PropertySource 'systemProperties' with value of type String
08:01:26 [http-nio-8080-exec-9] DEBUG o.s.c.e.PropertySourcesPropertyResolver - Found key 'com.sun.management.jmxremote' in PropertySource 'systemProperties' with value of type String
08:01:26 [http-nio-8080-exec-9] DEBUG o.s.c.e.PropertySourcesPropertyResolver - Found key 'java.vm.specification.version' in PropertySource 'systemProperties' with value of type String
08:01:26 [http-nio-8080-exec-9] DEBUG o.s.c.e.PropertySourcesPropertyResolver - Found key 'sun.java.command' in PropertySource 'systemProperties' with value of type String
08:01:26 [http-nio-8080-exec-9] DEBUG o.s.c.e.PropertySourcesPropertyResolver - Found key 'java.home' in PropertySource 'systemProperties' with value of type String
08:01:26 [http-nio-8080-exec-9] DEBUG o.s.c.e.PropertySourcesPropertyResolver - Found key 'sun.arch.data.model' in PropertySource 'systemProperties' with value of type String
08:01:26 [http-nio-8080-exec-9] DEBUG o.s.c.e.PropertySourcesPropertyResolver - Found key 'user.language' in PropertySource 'systemProperties' with value of type String
08:01:26 [http-nio-8080-exec-9] DEBUG o.s.c.e.PropertySourcesPropertyResolver - Found key 'java.specification.vendor' in PropertySource 'systemProperties' with value of type String
08:01:26 [http-nio-8080-exec-9] DEBUG o.s.c.e.PropertySourcesPropertyResolver - Found key 'awt.toolkit' in PropertySource 'systemProperties' with value of type String
08:01:26 [http-nio-8080-exec-9] DEBUG o.s.c.e.PropertySourcesPropertyResolver - Found key 'com.sun.management.jmxremote.ssl' in PropertySource 'systemProperties' with value of type String
08:01:26 [http-nio-8080-exec-9] DEBUG o.s.c.e.PropertySourcesPropertyResolver - Found key 'java.vm.info' in PropertySource 'systemProperties' with value of type String
08:01:26 [http-nio-8080-exec-9] DEBUG o.s.c.e.PropertySourcesPropertyResolver - Found key 'java.version' in PropertySource 'systemProperties' with value of type String
08:01:26 [http-nio-8080-exec-9] DEBUG o.s.c.e.PropertySourcesPropertyResolver - Found key 'java.ext.dirs' in PropertySource 'systemProperties' with value of type String
08:01:26 [http-nio-8080-exec-9] DEBUG o.s.c.e.PropertySourcesPropertyResolver - Found key 'sun.boot.class.path' in PropertySource 'systemProperties' with value of type String
08:01:26 [http-nio-8080-exec-9] DEBUG o.s.c.e.PropertySourcesPropertyResolver - Found key 'java.awt.headless' in PropertySource 'systemProperties' with value of type String
08:01:26 [http-nio-8080-exec-9] DEBUG o.s.c.e.PropertySourcesPropertyResolver - Found key 'java.vendor' in PropertySource 'systemProperties' with value of type String
08:01:26 [http-nio-8080-exec-9] DEBUG o.s.c.e.PropertySourcesPropertyResolver - Found key 'catalina.base' in PropertySource 'systemProperties' with value of type String
08:01:26 [http-nio-8080-exec-9] DEBUG o.s.c.e.PropertySourcesPropertyResolver - Found key 'spring.application.admin.enabled' in PropertySource 'systemProperties' with value of type String
08:01:26 [http-nio-8080-exec-9] DEBUG o.s.c.e.PropertySourcesPropertyResolver - Found key 'file.separator' in PropertySource 'systemProperties' with value of type String
08:01:26 [http-nio-8080-exec-9] DEBUG o.s.c.e.PropertySourcesPropertyResolver - Found key 'java.vendor.url.bug' in PropertySource 'systemProperties' with value of type String
08:01:26 [http-nio-8080-exec-9] DEBUG o.s.c.e.PropertySourcesPropertyResolver - Found key 'sun.io.unicode.encoding' in PropertySource 'systemProperties' with value of type String
08:01:26 [http-nio-8080-exec-9] DEBUG o.s.c.e.PropertySourcesPropertyResolver - Found key 'sun.cpu.endian' in PropertySource 'systemProperties' with value of type String
08:01:26 [http-nio-8080-exec-9] DEBUG o.s.c.e.PropertySourcesPropertyResolver - Found key 'sun.desktop' in PropertySource 'systemProperties' with value of type String
08:01:26 [http-nio-8080-exec-9] DEBUG o.s.c.e.PropertySourcesPropertyResolver - Found key 'sun.cpu.isalist' in PropertySource 'systemProperties' with value of type String
08:01:26 [http-nio-8080-exec-9] DEBUG o.s.c.e.PropertySourcesPropertyResolver - Found key 'LOCALAPPDATA' in PropertySource 'systemEnvironment' with value of type String
08:01:26 [http-nio-8080-exec-9] DEBUG o.s.c.e.PropertySourcesPropertyResolver - Found key 'PROCESSOR_LEVEL' in PropertySource 'systemEnvironment' with value of type String
08:01:26 [http-nio-8080-exec-9] DEBUG o.s.c.e.PropertySourcesPropertyResolver - Found key 'FP_NO_HOST_CHECK' in PropertySource 'systemEnvironment' with value of type String
08:01:26 [http-nio-8080-exec-9] DEBUG o.s.c.e.PropertySourcesPropertyResolver - Found key 'USERDOMAIN' in PropertySource 'systemEnvironment' with value of type String
08:01:26 [http-nio-8080-exec-9] DEBUG o.s.c.e.PropertySourcesPropertyResolver - Found key 'LOGONSERVER' in PropertySource 'systemEnvironment' with value of type String
08:01:26 [http-nio-8080-exec-9] DEBUG o.s.c.e.PropertySourcesPropertyResolver - Found key 'JAVA_HOME' in PropertySource 'systemEnvironment' with value of type String
08:01:26 [http-nio-8080-exec-9] DEBUG o.s.c.e.PropertySourcesPropertyResolver - Found key 'SESSIONNAME' in PropertySource 'systemEnvironment' with value of type String
08:01:26 [http-nio-8080-exec-9] DEBUG o.s.c.e.PropertySourcesPropertyResolver - Found key 'ALLUSERSPROFILE' in PropertySource 'systemEnvironment' with value of type String
08:01:26 [http-nio-8080-exec-9] DEBUG o.s.c.e.PropertySourcesPropertyResolver - Found key 'PROCESSOR_ARCHITECTURE' in PropertySource 'systemEnvironment' with value of type String
08:01:26 [http-nio-8080-exec-9] DEBUG o.s.c.e.PropertySourcesPropertyResolver - Found key 'PSModulePath' in PropertySource 'systemEnvironment' with value of type String
08:01:26 [http-nio-8080-exec-9] DEBUG o.s.c.e.PropertySourcesPropertyResolver - Found key 'SystemDrive' in PropertySource 'systemEnvironment' with value of type String
08:01:26 [http-nio-8080-exec-9] DEBUG o.s.c.e.PropertySourcesPropertyResolver - Found key 'JD_CP_VERSION' in PropertySource 'systemEnvironment' with value of type String
08:01:26 [http-nio-8080-exec-9] DEBUG o.s.c.e.PropertySourcesPropertyResolver - Found key 'MAVEN_HOME' in PropertySource 'systemEnvironment' with value of type String
08:01:26 [http-nio-8080-exec-9] DEBUG o.s.c.e.PropertySourcesPropertyResolver - Found key 'APPDATA' in PropertySource 'systemEnvironment' with value of type String
08:01:26 [http-nio-8080-exec-9] DEBUG o.s.c.e.PropertySourcesPropertyResolver - Found key 'MOZ_PLUGIN_PATH' in PropertySource 'systemEnvironment' with value of type String
08:01:26 [http-nio-8080-exec-9] DEBUG o.s.c.e.PropertySourcesPropertyResolver - Found key 'USERNAME' in PropertySource 'systemEnvironment' with value of type String
08:01:26 [http-nio-8080-exec-9] DEBUG o.s.c.e.PropertySourcesPropertyResolver - Found key 'USERDNSDOMAIN' in PropertySource 'systemEnvironment' with value of type String
08:01:26 [http-nio-8080-exec-9] DEBUG o.s.c.e.PropertySourcesPropertyResolver - Found key 'windows_tracing_logfile' in PropertySource 'systemEnvironment' with value of type String
08:01:26 [http-nio-8080-exec-9] DEBUG o.s.c.e.PropertySourcesPropertyResolver - Found key 'ProgramFiles(x86)' in PropertySource 'systemEnvironment' with value of type String
08:01:26 [http-nio-8080-exec-9] DEBUG o.s.c.e.PropertySourcesPropertyResolver - Found key 'CommonProgramFiles' in PropertySource 'systemEnvironment' with value of type String
08:01:26 [http-nio-8080-exec-9] DEBUG o.s.c.e.PropertySourcesPropertyResolver - Found key 'Path' in PropertySource 'systemEnvironment' with value of type String
08:01:26 [http-nio-8080-exec-9] DEBUG o.s.c.e.PropertySourcesPropertyResolver - Found key 'PATHEXT' in PropertySource 'systemEnvironment' with value of type String
08:01:26 [http-nio-8080-exec-9] DEBUG o.s.c.e.PropertySourcesPropertyResolver - Found key 'OS' in PropertySource 'systemEnvironment' with value of type String
08:01:26 [http-nio-8080-exec-9] DEBUG o.s.c.e.PropertySourcesPropertyResolver - Found key 'PROCESSOR_ARCHITEW6432' in PropertySource 'systemEnvironment' with value of type String
08:01:26 [http-nio-8080-exec-9] DEBUG o.s.c.e.PropertySourcesPropertyResolver - Found key 'windows_tracing_flags' in PropertySource 'systemEnvironment' with value of type String
08:01:26 [http-nio-8080-exec-9] DEBUG o.s.c.e.PropertySourcesPropertyResolver - Found key 'COMPUTERNAME' in PropertySource 'systemEnvironment' with value of type String
08:01:26 [http-nio-8080-exec-9] DEBUG o.s.c.e.PropertySourcesPropertyResolver - Found key 'PROCESSOR_REVISION' in PropertySource 'systemEnvironment' with value of type String
08:01:26 [http-nio-8080-exec-9] DEBUG o.s.c.e.PropertySourcesPropertyResolver - Found key 'CLASSPATH' in PropertySource 'systemEnvironment' with value of type String
08:01:26 [http-nio-8080-exec-9] DEBUG o.s.c.e.PropertySourcesPropertyResolver - Found key 'CommonProgramW6432' in PropertySource 'systemEnvironment' with value of type String
08:01:26 [http-nio-8080-exec-9] DEBUG o.s.c.e.PropertySourcesPropertyResolver - Found key 'ComSpec' in PropertySource 'systemEnvironment' with value of type String
08:01:26 [http-nio-8080-exec-9] DEBUG o.s.c.e.PropertySourcesPropertyResolver - Found key 'UATDATA' in PropertySource 'systemEnvironment' with value of type String
08:01:26 [http-nio-8080-exec-9] DEBUG o.s.c.e.PropertySourcesPropertyResolver - Found key 'JD_CP_PATH' in PropertySource 'systemEnvironment' with value of type String
08:01:26 [http-nio-8080-exec-9] DEBUG o.s.c.e.PropertySourcesPropertyResolver - Found key 'ProgramData' in PropertySource 'systemEnvironment' with value of type String
08:01:26 [http-nio-8080-exec-9] DEBUG o.s.c.e.PropertySourcesPropertyResolver - Found key 'ProgramW6432' in PropertySource 'systemEnvironment' with value of type String
08:01:26 [http-nio-8080-exec-9] DEBUG o.s.c.e.PropertySourcesPropertyResolver - Found key 'HOMEPATH' in PropertySource 'systemEnvironment' with value of type String
08:01:26 [http-nio-8080-exec-9] DEBUG o.s.c.e.PropertySourcesPropertyResolver - Found key 'SystemRoot' in PropertySource 'systemEnvironment' with value of type String
08:01:26 [http-nio-8080-exec-9] DEBUG o.s.c.e.PropertySourcesPropertyResolver - Found key 'TEMP' in PropertySource 'systemEnvironment' with value of type String
08:01:26 [http-nio-8080-exec-9] DEBUG o.s.c.e.PropertySourcesPropertyResolver - Found key 'MYSQL_HOME' in PropertySource 'systemEnvironment' with value of type String
08:01:26 [http-nio-8080-exec-9] DEBUG o.s.c.e.PropertySourcesPropertyResolver - Found key 'HOMEDRIVE' in PropertySource 'systemEnvironment' with value of type String
08:01:26 [http-nio-8080-exec-9] DEBUG o.s.c.e.PropertySourcesPropertyResolver - Found key 'PROCESSOR_IDENTIFIER' in PropertySource 'systemEnvironment' with value of type String
08:01:26 [http-nio-8080-exec-9] DEBUG o.s.c.e.PropertySourcesPropertyResolver - Found key 'USERPROFILE' in PropertySource 'systemEnvironment' with value of type String
08:01:26 [http-nio-8080-exec-9] DEBUG o.s.c.e.PropertySourcesPropertyResolver - Found key 'TMP' in PropertySource 'systemEnvironment' with value of type String
08:01:26 [http-nio-8080-exec-9] DEBUG o.s.c.e.PropertySourcesPropertyResolver - Found key 'CommonProgramFiles(x86)' in PropertySource 'systemEnvironment' with value of type String
08:01:26 [http-nio-8080-exec-9] DEBUG o.s.c.e.PropertySourcesPropertyResolver - Found key 'ProgramFiles' in PropertySource 'systemEnvironment' with value of type String
08:01:26 [http-nio-8080-exec-9] DEBUG o.s.c.e.PropertySourcesPropertyResolver - Found key 'PUBLIC' in PropertySource 'systemEnvironment' with value of type String
08:01:26 [http-nio-8080-exec-9] DEBUG o.s.c.e.PropertySourcesPropertyResolver - Found key 'NUMBER_OF_PROCESSORS' in PropertySource 'systemEnvironment' with value of type String
08:01:26 [http-nio-8080-exec-9] DEBUG o.s.c.e.PropertySourcesPropertyResolver - Found key 'windir' in PropertySource 'systemEnvironment' with value of type String
08:01:26 [http-nio-8080-exec-9] DEBUG o.s.c.e.PropertySourcesPropertyResolver - Found key '=::' in PropertySource 'systemEnvironment' with value of type String
08:01:26 [http-nio-8080-exec-9] DEBUG o.s.c.e.PropertySourcesPropertyResolver - Found key 'spring.datasource.username' in PropertySource 'applicationConfig: [classpath:/application.properties]' with value of type String
08:01:26 [http-nio-8080-exec-9] DEBUG o.s.c.e.PropertySourcesPropertyResolver - Found key 'spring.thymeleaf.cache' in PropertySource 'applicationConfig: [classpath:/application.properties]' with value of type String
08:01:26 [http-nio-8080-exec-9] DEBUG o.s.c.e.PropertySourcesPropertyResolver - Found key 'spring.datasource.driverClassName' in PropertySource 'applicationConfig: [classpath:/application.properties]' with value of type String
08:01:26 [http-nio-8080-exec-9] DEBUG o.s.c.e.PropertySourcesPropertyResolver - Found key 'spring.datasource.password' in PropertySource 'applicationConfig: [classpath:/application.properties]' with value of type String
08:01:26 [http-nio-8080-exec-9] DEBUG o.s.c.e.PropertySourcesPropertyResolver - Found key 'spring.datasource.url' in PropertySource 'applicationConfig: [classpath:/application.properties]' with value of type String
08:01:26 [http-nio-8080-exec-9] DEBUG o.s.c.e.PropertySourcesPropertyResolver - Found key 'local.server.port' in PropertySource 'server.ports' with value of type Integer
08:01:26 [http-nio-8080-exec-9] DEBUG o.s.c.e.PropertySourcesPropertyResolver - Found key 'com.sun.management.jmxremote.authenticate' in PropertySource 'systemProperties' with value of type String
08:01:26 [http-nio-8080-exec-9] DEBUG o.s.c.e.PropertySourcesPropertyResolver - Found key 'java.runtime.name' in PropertySource 'systemProperties' with value of type String
08:01:26 [http-nio-8080-exec-9] DEBUG o.s.c.e.PropertySourcesPropertyResolver - Found key 'spring.output.ansi.enabled' in PropertySource 'systemProperties' with value of type String
08:01:26 [http-nio-8080-exec-9] DEBUG o.s.c.e.PropertySourcesPropertyResolver - Found key 'sun.boot.library.path' in PropertySource 'systemProperties' with value of type String
08:01:26 [http-nio-8080-exec-9] DEBUG o.s.c.e.PropertySourcesPropertyResolver - Found key 'java.vm.version' in PropertySource 'systemProperties' with value of type String
08:01:26 [http-nio-8080-exec-9] DEBUG o.s.c.e.PropertySourcesPropertyResolver - Found key 'java.vm.vendor' in PropertySource 'systemProperties' with value of type String
08:01:26 [http-nio-8080-exec-9] DEBUG o.s.c.e.PropertySourcesPropertyResolver - Found key 'java.vendor.url' in PropertySource 'systemProperties' with value of type String
08:01:26 [http-nio-8080-exec-9] DEBUG o.s.c.e.PropertySourcesPropertyResolver - Found key 'java.rmi.server.randomIDs' in PropertySource 'systemProperties' with value of type String
08:01:26 [http-nio-8080-exec-9] DEBUG o.s.c.e.PropertySourcesPropertyResolver - Found key 'path.separator' in PropertySource 'systemProperties' with value of type String
08:01:26 [http-nio-8080-exec-9] DEBUG o.s.c.e.PropertySourcesPropertyResolver - Found key 'java.vm.name' in PropertySource 'systemProperties' with value of type String
08:01:26 [http-nio-8080-exec-9] DEBUG o.s.c.e.PropertySourcesPropertyResolver - Found key 'file.encoding.pkg' in PropertySource 'systemProperties' with value of type String
08:01:26 [http-nio-8080-exec-9] DEBUG o.s.c.e.PropertySourcesPropertyResolver - Found key 'user.country' in PropertySource 'systemProperties' with value of type String
08:01:26 [http-nio-8080-exec-9] DEBUG o.s.c.e.PropertySourcesPropertyResolver - Found key 'user.script' in PropertySource 'systemProperties' with value of type String
08:01:26 [http-nio-8080-exec-9] DEBUG o.s.c.e.PropertySourcesPropertyResolver - Found key 'sun.java.launcher' in PropertySource 'systemProperties' with value of type String
08:01:26 [http-nio-8080-exec-9] DEBUG o.s.c.e.PropertySourcesPropertyResolver - Found key 'sun.os.patch.level' in PropertySource 'systemProperties' with value of type String
08:01:26 [http-nio-8080-exec-9] DEBUG o.s.c.e.PropertySourcesPropertyResolver - Found key 'PID' in PropertySource 'systemProperties' with value of type String
08:01:26 [http-nio-8080-exec-9] DEBUG o.s.c.e.PropertySourcesPropertyResolver - Found key 'com.sun.management.jmxremote.port' in PropertySource 'systemProperties' with value of type String
08:01:26 [http-nio-8080-exec-9] DEBUG o.s.c.e.PropertySourcesPropertyResolver - Found key 'java.vm.specification.name' in PropertySource 'systemProperties' with value of type String
08:01:26 [http-nio-8080-exec-9] DEBUG o.s.c.e.PropertySourcesPropertyResolver - Found key 'user.dir' in PropertySource 'systemProperties' with value of type String
08:01:26 [http-nio-8080-exec-9] DEBUG o.s.c.e.PropertySourcesPropertyResolver - Found key 'java.runtime.version' in PropertySource 'systemProperties' with value of type String
08:01:26 [http-nio-8080-exec-9] DEBUG o.s.c.e.PropertySourcesPropertyResolver - Found key 'java.awt.graphicsenv' in PropertySource 'systemProperties' with value of type String
08:01:26 [http-nio-8080-exec-9] DEBUG o.s.c.e.PropertySourcesPropertyResolver - Found key 'org.jboss.logging.provider' in PropertySource 'systemProperties' with value of type String
08:01:26 [http-nio-8080-exec-9] DEBUG o.s.c.e.PropertySourcesPropertyResolver - Found key 'java.endorsed.dirs' in PropertySource 'systemProperties' with value of type String
08:01:26 [http-nio-8080-exec-9] DEBUG o.s.c.e.PropertySourcesPropertyResolver - Found key 'os.arch' in PropertySource 'systemProperties' with value of type String
08:01:26 [http-nio-8080-exec-9] DEBUG o.s.c.e.PropertySourcesPropertyResolver - Found key 'java.io.tmpdir' in PropertySource 'systemProperties' with value of type String
08:01:26 [http-nio-8080-exec-9] DEBUG o.s.c.e.PropertySourcesPropertyResolver - Found key 'line.separator' in PropertySource 'systemProperties' with value of type String
08:01:26 [http-nio-8080-exec-9] DEBUG o.s.c.e.PropertySourcesPropertyResolver - Found key 'java.vm.specification.vendor' in PropertySource 'systemProperties' with value of type String
08:01:26 [http-nio-8080-exec-9] DEBUG o.s.c.e.PropertySourcesPropertyResolver - Found key 'user.variant' in PropertySource 'systemProperties' with value of type String
08:01:26 [http-nio-8080-exec-9] DEBUG o.s.c.e.PropertySourcesPropertyResolver - Found key 'os.name' in PropertySource 'systemProperties' with value of type String
08:01:26 [http-nio-8080-exec-9] DEBUG o.s.c.e.PropertySourcesPropertyResolver - Found key 'sun.jnu.encoding' in PropertySource 'systemProperties' with value of type String
08:01:26 [http-nio-8080-exec-9] DEBUG o.s.c.e.PropertySourcesPropertyResolver - Found key 'spring.beaninfo.ignore' in PropertySource 'systemProperties' with value of type String
08:01:26 [http-nio-8080-exec-9] DEBUG o.s.c.e.PropertySourcesPropertyResolver - Found key 'java.library.path' in PropertySource 'systemProperties' with value of type String
08:01:26 [http-nio-8080-exec-9] DEBUG o.s.c.e.PropertySourcesPropertyResolver - Found key 'java.specification.name' in PropertySource 'systemProperties' with value of type String
08:01:26 [http-nio-8080-exec-9] DEBUG o.s.c.e.PropertySourcesPropertyResolver - Found key 'java.class.version' in PropertySource 'systemProperties' with value of type String
08:01:26 [http-nio-8080-exec-9] DEBUG o.s.c.e.PropertySourcesPropertyResolver - Found key 'sun.management.compiler' in PropertySource 'systemProperties' with value of type String
08:01:26 [http-nio-8080-exec-9] DEBUG o.s.c.e.PropertySourcesPropertyResolver - Found key 'spring.liveBeansView.mbeanDomain' in PropertySource 'systemProperties' with value of type String
08:01:26 [http-nio-8080-exec-9] DEBUG o.s.c.e.PropertySourcesPropertyResolver - Found key 'os.version' in PropertySource 'systemProperties' with value of type String
08:01:26 [http-nio-8080-exec-9] DEBUG o.s.c.e.PropertySourcesPropertyResolver - Found key 'user.home' in PropertySource 'systemProperties' with value of type String
08:01:26 [http-nio-8080-exec-9] DEBUG o.s.c.e.PropertySourcesPropertyResolver - Found key 'catalina.useNaming' in PropertySource 'systemProperties' with value of type String
08:01:26 [http-nio-8080-exec-9] DEBUG o.s.c.e.PropertySourcesPropertyResolver - Found key 'user.timezone' in PropertySource 'systemProperties' with value of type String
08:01:26 [http-nio-8080-exec-9] DEBUG o.s.c.e.PropertySourcesPropertyResolver - Found key 'java.awt.printerjob' in PropertySource 'systemProperties' with value of type String
08:01:26 [http-nio-8080-exec-9] DEBUG o.s.c.e.PropertySourcesPropertyResolver - Found key 'file.encoding' in PropertySource 'systemProperties' with value of type String
08:01:26 [http-nio-8080-exec-9] DEBUG o.s.c.e.PropertySourcesPropertyResolver - Found key 'java.specification.version' in PropertySource 'systemProperties' with value of type String
08:01:26 [http-nio-8080-exec-9] DEBUG o.s.c.e.PropertySourcesPropertyResolver - Found key 'catalina.home' in PropertySource 'systemProperties' with value of type String
08:01:26 [http-nio-8080-exec-9] DEBUG o.s.c.e.PropertySourcesPropertyResolver - Found key 'java.class.path' in PropertySource 'systemProperties' with value of type String
08:01:26 [http-nio-8080-exec-9] DEBUG o.s.c.e.PropertySourcesPropertyResolver - Found key 'user.name' in PropertySource 'systemProperties' with value of type String
08:01:26 [http-nio-8080-exec-9] DEBUG o.s.c.e.PropertySourcesPropertyResolver - Found key 'com.sun.management.jmxremote' in PropertySource 'systemProperties' with value of type String
08:01:26 [http-nio-8080-exec-9] DEBUG o.s.c.e.PropertySourcesPropertyResolver - Found key 'java.vm.specification.version' in PropertySource 'systemProperties' with value of type String
08:01:26 [http-nio-8080-exec-9] DEBUG o.s.c.e.PropertySourcesPropertyResolver - Found key 'sun.java.command' in PropertySource 'systemProperties' with value of type String
08:01:26 [http-nio-8080-exec-9] DEBUG o.s.c.e.PropertySourcesPropertyResolver - Found key 'java.home' in PropertySource 'systemProperties' with value of type String
08:01:26 [http-nio-8080-exec-9] DEBUG o.s.c.e.PropertySourcesPropertyResolver - Found key 'sun.arch.data.model' in PropertySource 'systemProperties' with value of type String
08:01:26 [http-nio-8080-exec-9] DEBUG o.s.c.e.PropertySourcesPropertyResolver - Found key 'user.language' in PropertySource 'systemProperties' with value of type String
08:01:26 [http-nio-8080-exec-9] DEBUG o.s.c.e.PropertySourcesPropertyResolver - Found key 'java.specification.vendor' in PropertySource 'systemProperties' with value of type String
08:01:26 [http-nio-8080-exec-9] DEBUG o.s.c.e.PropertySourcesPropertyResolver - Found key 'awt.toolkit' in PropertySource 'systemProperties' with value of type String
08:01:26 [http-nio-8080-exec-9] DEBUG o.s.c.e.PropertySourcesPropertyResolver - Found key 'com.sun.management.jmxremote.ssl' in PropertySource 'systemProperties' with value of type String
08:01:26 [http-nio-8080-exec-9] DEBUG o.s.c.e.PropertySourcesPropertyResolver - Found key 'java.vm.info' in PropertySource 'systemProperties' with value of type String
08:01:26 [http-nio-8080-exec-9] DEBUG o.s.c.e.PropertySourcesPropertyResolver - Found key 'java.version' in PropertySource 'systemProperties' with value of type String
08:01:26 [http-nio-8080-exec-9] DEBUG o.s.c.e.PropertySourcesPropertyResolver - Found key 'java.ext.dirs' in PropertySource 'systemProperties' with value of type String
08:01:26 [http-nio-8080-exec-9] DEBUG o.s.c.e.PropertySourcesPropertyResolver - Found key 'sun.boot.class.path' in PropertySource 'systemProperties' with value of type String
08:01:26 [http-nio-8080-exec-9] DEBUG o.s.c.e.PropertySourcesPropertyResolver - Found key 'java.awt.headless' in PropertySource 'systemProperties' with value of type String
08:01:26 [http-nio-8080-exec-9] DEBUG o.s.c.e.PropertySourcesPropertyResolver - Found key 'java.vendor' in PropertySource 'systemProperties' with value of type String
08:01:26 [http-nio-8080-exec-9] DEBUG o.s.c.e.PropertySourcesPropertyResolver - Found key 'catalina.base' in PropertySource 'systemProperties' with value of type String
08:01:26 [http-nio-8080-exec-9] DEBUG o.s.c.e.PropertySourcesPropertyResolver - Found key 'spring.application.admin.enabled' in PropertySource 'systemProperties' with value of type String
08:01:26 [http-nio-8080-exec-9] DEBUG o.s.c.e.PropertySourcesPropertyResolver - Found key 'file.separator' in PropertySource 'systemProperties' with value of type String
08:01:26 [http-nio-8080-exec-9] DEBUG o.s.c.e.PropertySourcesPropertyResolver - Found key 'java.vendor.url.bug' in PropertySource 'systemProperties' with value of type String
08:01:26 [http-nio-8080-exec-9] DEBUG o.s.c.e.PropertySourcesPropertyResolver - Found key 'sun.io.unicode.encoding' in PropertySource 'systemProperties' with value of type String
08:01:26 [http-nio-8080-exec-9] DEBUG o.s.c.e.PropertySourcesPropertyResolver - Found key 'sun.cpu.endian' in PropertySource 'systemProperties' with value of type String
08:01:26 [http-nio-8080-exec-9] DEBUG o.s.c.e.PropertySourcesPropertyResolver - Found key 'sun.desktop' in PropertySource 'systemProperties' with value of type String
08:01:26 [http-nio-8080-exec-9] DEBUG o.s.c.e.PropertySourcesPropertyResolver - Found key 'sun.cpu.isalist' in PropertySource 'systemProperties' with value of type String
08:01:26 [http-nio-8080-exec-9] DEBUG o.s.c.e.PropertySourcesPropertyResolver - Found key 'LOCALAPPDATA' in PropertySource 'systemEnvironment' with value of type String
08:01:26 [http-nio-8080-exec-9] DEBUG o.s.c.e.PropertySourcesPropertyResolver - Found key 'PROCESSOR_LEVEL' in PropertySource 'systemEnvironment' with value of type String
08:01:26 [http-nio-8080-exec-9] DEBUG o.s.c.e.PropertySourcesPropertyResolver - Found key 'FP_NO_HOST_CHECK' in PropertySource 'systemEnvironment' with value of type String
08:01:26 [http-nio-8080-exec-9] DEBUG o.s.c.e.PropertySourcesPropertyResolver - Found key 'USERDOMAIN' in PropertySource 'systemEnvironment' with value of type String
08:01:26 [http-nio-8080-exec-9] DEBUG o.s.c.e.PropertySourcesPropertyResolver - Found key 'LOGONSERVER' in PropertySource 'systemEnvironment' with value of type String
08:01:26 [http-nio-8080-exec-9] DEBUG o.s.c.e.PropertySourcesPropertyResolver - Found key 'JAVA_HOME' in PropertySource 'systemEnvironment' with value of type String
08:01:26 [http-nio-8080-exec-9] DEBUG o.s.c.e.PropertySourcesPropertyResolver - Found key 'SESSIONNAME' in PropertySource 'systemEnvironment' with value of type String
08:01:26 [http-nio-8080-exec-9] DEBUG o.s.c.e.PropertySourcesPropertyResolver - Found key 'ALLUSERSPROFILE' in PropertySource 'systemEnvironment' with value of type String
08:01:26 [http-nio-8080-exec-9] DEBUG o.s.c.e.PropertySourcesPropertyResolver - Found key 'PROCESSOR_ARCHITECTURE' in PropertySource 'systemEnvironment' with value of type String
08:01:26 [http-nio-8080-exec-9] DEBUG o.s.c.e.PropertySourcesPropertyResolver - Found key 'PSModulePath' in PropertySource 'systemEnvironment' with value of type String
08:01:26 [http-nio-8080-exec-9] DEBUG o.s.c.e.PropertySourcesPropertyResolver - Found key 'SystemDrive' in PropertySource 'systemEnvironment' with value of type String
08:01:26 [http-nio-8080-exec-9] DEBUG o.s.c.e.PropertySourcesPropertyResolver - Found key 'JD_CP_VERSION' in PropertySource 'systemEnvironment' with value of type String
08:01:26 [http-nio-8080-exec-9] DEBUG o.s.c.e.PropertySourcesPropertyResolver - Found key 'MAVEN_HOME' in PropertySource 'systemEnvironment' with value of type String
08:01:26 [http-nio-8080-exec-9] DEBUG o.s.c.e.PropertySourcesPropertyResolver - Found key 'APPDATA' in PropertySource 'systemEnvironment' with value of type String
08:01:26 [http-nio-8080-exec-9] DEBUG o.s.c.e.PropertySourcesPropertyResolver - Found key 'MOZ_PLUGIN_PATH' in PropertySource 'systemEnvironment' with value of type String
08:01:26 [http-nio-8080-exec-9] DEBUG o.s.c.e.PropertySourcesPropertyResolver - Found key 'USERNAME' in PropertySource 'systemEnvironment' with value of type String
08:01:26 [http-nio-8080-exec-9] DEBUG o.s.c.e.PropertySourcesPropertyResolver - Found key 'USERDNSDOMAIN' in PropertySource 'systemEnvironment' with value of type String
08:01:26 [http-nio-8080-exec-9] DEBUG o.s.c.e.PropertySourcesPropertyResolver - Found key 'windows_tracing_logfile' in PropertySource 'systemEnvironment' with value of type String
08:01:26 [http-nio-8080-exec-9] DEBUG o.s.c.e.PropertySourcesPropertyResolver - Found key 'ProgramFiles(x86)' in PropertySource 'systemEnvironment' with value of type String
08:01:26 [http-nio-8080-exec-9] DEBUG o.s.c.e.PropertySourcesPropertyResolver - Found key 'CommonProgramFiles' in PropertySource 'systemEnvironment' with value of type String
08:01:26 [http-nio-8080-exec-9] DEBUG o.s.c.e.PropertySourcesPropertyResolver - Found key 'Path' in PropertySource 'systemEnvironment' with value of type String
08:01:26 [http-nio-8080-exec-9] DEBUG o.s.c.e.PropertySourcesPropertyResolver - Found key 'PATHEXT' in PropertySource 'systemEnvironment' with value of type String
08:01:26 [http-nio-8080-exec-9] DEBUG o.s.c.e.PropertySourcesPropertyResolver - Found key 'OS' in PropertySource 'systemEnvironment' with value of type String
08:01:26 [http-nio-8080-exec-9] DEBUG o.s.c.e.PropertySourcesPropertyResolver - Found key 'PROCESSOR_ARCHITEW6432' in PropertySource 'systemEnvironment' with value of type String
08:01:26 [http-nio-8080-exec-9] DEBUG o.s.c.e.PropertySourcesPropertyResolver - Found key 'windows_tracing_flags' in PropertySource 'systemEnvironment' with value of type String
08:01:26 [http-nio-8080-exec-9] DEBUG o.s.c.e.PropertySourcesPropertyResolver - Found key 'COMPUTERNAME' in PropertySource 'systemEnvironment' with value of type String
08:01:26 [http-nio-8080-exec-9] DEBUG o.s.c.e.PropertySourcesPropertyResolver - Found key 'PROCESSOR_REVISION' in PropertySource 'systemEnvironment' with value of type String
08:01:26 [http-nio-8080-exec-9] DEBUG o.s.c.e.PropertySourcesPropertyResolver - Found key 'CLASSPATH' in PropertySource 'systemEnvironment' with value of type String
08:01:26 [http-nio-8080-exec-9] DEBUG o.s.c.e.PropertySourcesPropertyResolver - Found key 'CommonProgramW6432' in PropertySource 'systemEnvironment' with value of type String
08:01:26 [http-nio-8080-exec-9] DEBUG o.s.c.e.PropertySourcesPropertyResolver - Found key 'ComSpec' in PropertySource 'systemEnvironment' with value of type String
08:01:26 [http-nio-8080-exec-9] DEBUG o.s.c.e.PropertySourcesPropertyResolver - Found key 'UATDATA' in PropertySource 'systemEnvironment' with value of type String
08:01:26 [http-nio-8080-exec-9] DEBUG o.s.c.e.PropertySourcesPropertyResolver - Found key 'JD_CP_PATH' in PropertySource 'systemEnvironment' with value of type String
08:01:26 [http-nio-8080-exec-9] DEBUG o.s.c.e.PropertySourcesPropertyResolver - Found key 'ProgramData' in PropertySource 'systemEnvironment' with value of type String
08:01:26 [http-nio-8080-exec-9] DEBUG o.s.c.e.PropertySourcesPropertyResolver - Found key 'ProgramW6432' in PropertySource 'systemEnvironment' with value of type String
08:01:26 [http-nio-8080-exec-9] DEBUG o.s.c.e.PropertySourcesPropertyResolver - Found key 'HOMEPATH' in PropertySource 'systemEnvironment' with value of type String
08:01:26 [http-nio-8080-exec-9] DEBUG o.s.c.e.PropertySourcesPropertyResolver - Found key 'SystemRoot' in PropertySource 'systemEnvironment' with value of type String
08:01:26 [http-nio-8080-exec-9] DEBUG o.s.c.e.PropertySourcesPropertyResolver - Found key 'TEMP' in PropertySource 'systemEnvironment' with value of type String
08:01:26 [http-nio-8080-exec-9] DEBUG o.s.c.e.PropertySourcesPropertyResolver - Found key 'MYSQL_HOME' in PropertySource 'systemEnvironment' with value of type String
08:01:26 [http-nio-8080-exec-9] DEBUG o.s.c.e.PropertySourcesPropertyResolver - Found key 'HOMEDRIVE' in PropertySource 'systemEnvironment' with value of type String
08:01:26 [http-nio-8080-exec-9] DEBUG o.s.c.e.PropertySourcesPropertyResolver - Found key 'PROCESSOR_IDENTIFIER' in PropertySource 'systemEnvironment' with value of type String
08:01:26 [http-nio-8080-exec-9] DEBUG o.s.c.e.PropertySourcesPropertyResolver - Found key 'USERPROFILE' in PropertySource 'systemEnvironment' with value of type String
08:01:26 [http-nio-8080-exec-9] DEBUG o.s.c.e.PropertySourcesPropertyResolver - Found key 'TMP' in PropertySource 'systemEnvironment' with value of type String
08:01:26 [http-nio-8080-exec-9] DEBUG o.s.c.e.PropertySourcesPropertyResolver - Found key 'CommonProgramFiles(x86)' in PropertySource 'systemEnvironment' with value of type String
08:01:26 [http-nio-8080-exec-9] DEBUG o.s.c.e.PropertySourcesPropertyResolver - Found key 'ProgramFiles' in PropertySource 'systemEnvironment' with value of type String
08:01:26 [http-nio-8080-exec-9] DEBUG o.s.c.e.PropertySourcesPropertyResolver - Found key 'PUBLIC' in PropertySource 'systemEnvironment' with value of type String
08:01:26 [http-nio-8080-exec-9] DEBUG o.s.c.e.PropertySourcesPropertyResolver - Found key 'NUMBER_OF_PROCESSORS' in PropertySource 'systemEnvironment' with value of type String
08:01:26 [http-nio-8080-exec-9] DEBUG o.s.c.e.PropertySourcesPropertyResolver - Found key 'windir' in PropertySource 'systemEnvironment' with value of type String
08:01:26 [http-nio-8080-exec-9] DEBUG o.s.c.e.PropertySourcesPropertyResolver - Found key '=::' in PropertySource 'systemEnvironment' with value of type String
08:01:26 [http-nio-8080-exec-9] DEBUG o.s.c.e.PropertySourcesPropertyResolver - Found key 'spring.datasource.username' in PropertySource 'applicationConfig: [classpath:/application.properties]' with value of type String
08:01:26 [http-nio-8080-exec-9] DEBUG o.s.c.e.PropertySourcesPropertyResolver - Found key 'spring.thymeleaf.cache' in PropertySource 'applicationConfig: [classpath:/application.properties]' with value of type String
08:01:26 [http-nio-8080-exec-9] DEBUG o.s.c.e.PropertySourcesPropertyResolver - Found key 'spring.datasource.driverClassName' in PropertySource 'applicationConfig: [classpath:/application.properties]' with value of type String
08:01:26 [http-nio-8080-exec-9] DEBUG o.s.c.e.PropertySourcesPropertyResolver - Found key 'spring.datasource.password' in PropertySource 'applicationConfig: [classpath:/application.properties]' with value of type String
08:01:26 [http-nio-8080-exec-9] DEBUG o.s.c.e.PropertySourcesPropertyResolver - Found key 'spring.datasource.url' in PropertySource 'applicationConfig: [classpath:/application.properties]' with value of type String
08:01:26 [http-nio-8080-exec-9] DEBUG o.s.w.s.v.ContentNegotiatingViewResolver - Requested media types are [text/html, text/html;q=0.8] based on Accept header types and producible media types [text/html])
08:01:26 [http-nio-8080-exec-9] DEBUG o.s.b.f.s.DefaultListableBeanFactory - Returning cached instance of singleton bean 'error'
08:01:26 [http-nio-8080-exec-9] DEBUG o.s.b.f.s.DefaultListableBeanFactory - Returning cached instance of singleton bean 'freeMarkerConfigurer'
08:01:26 [http-nio-8080-exec-9] DEBUG o.s.b.f.s.DefaultListableBeanFactory - Invoking afterPropertiesSet() on bean with name 'error'
08:01:26 [http-nio-8080-exec-9] DEBUG freemarker.cache - Couldn't find template in cache for "error.ftl"("zh_CN", UTF-8, parsed); will try to load it.
08:01:26 [http-nio-8080-exec-9] DEBUG freemarker.cache - TemplateLoader.findTemplateSource("error_zh_CN.ftl"): Not found
08:01:26 [http-nio-8080-exec-9] DEBUG freemarker.cache - TemplateLoader.findTemplateSource("error_zh.ftl"): Not found
08:01:26 [http-nio-8080-exec-9] DEBUG freemarker.cache - TemplateLoader.findTemplateSource("error.ftl"): Not found
08:01:26 [http-nio-8080-exec-9] DEBUG o.s.w.s.v.f.FreeMarkerView - No FreeMarker view found for URL: error.ftl
08:01:26 [http-nio-8080-exec-9] DEBUG o.s.b.f.s.DefaultListableBeanFactory - Invoking afterPropertiesSet() on bean with name 'error'
08:01:26 [http-nio-8080-exec-9] DEBUG o.s.w.s.v.ContentNegotiatingViewResolver - Returning [org.springframework.boot.autoconfigure.web.ErrorMvcAutoConfiguration$SpelView@11afd3f] based on requested media type 'text/html'
08:01:26 [http-nio-8080-exec-9] DEBUG o.s.w.servlet.DispatcherServlet - Rendering view [org.springframework.boot.autoconfigure.web.ErrorMvcAutoConfiguration$SpelView@11afd3f] in DispatcherServlet with name 'dispatcherServlet'
08:01:26 [http-nio-8080-exec-9] DEBUG o.s.w.servlet.DispatcherServlet - Successfully completed request
08:01:43 [http-nio-8080-exec-1] DEBUG o.s.b.w.f.OrderedRequestContextFilter - Bound request context to thread: org.apache.catalina.connector.RequestFacade@1f6077c
08:01:43 [http-nio-8080-exec-1] DEBUG o.s.w.servlet.DispatcherServlet - DispatcherServlet with name 'dispatcherServlet' processing GET request for [/login]
08:01:43 [http-nio-8080-exec-1] DEBUG o.s.w.s.m.m.a.RequestMappingHandlerMapping - Looking up handler method for path /login
08:01:43 [http-nio-8080-exec-1] DEBUG o.s.w.s.m.m.a.RequestMappingHandlerMapping - Returning handler method [public org.springframework.web.servlet.ModelAndView com.example.demo.controller.LoginController.login()]
08:01:43 [http-nio-8080-exec-1] DEBUG o.s.b.f.s.DefaultListableBeanFactory - Returning cached instance of singleton bean 'loginController'
08:01:43 [http-nio-8080-exec-1] DEBUG o.s.w.servlet.DispatcherServlet - Last-Modified value for [/login] is: -1
08:01:43 [http-nio-8080-exec-1] DEBUG o.s.w.s.v.ContentNegotiatingViewResolver - Requested media types are [text/html, application/xhtml+xml, application/xml;q=0.9, */*;q=0.8] based on Accept header types and producible media types [*/*])
08:01:43 [http-nio-8080-exec-1] DEBUG o.s.w.s.v.BeanNameViewResolver - No matching bean found for view name 'login'
08:01:43 [http-nio-8080-exec-1] DEBUG o.s.b.f.s.DefaultListableBeanFactory - Returning cached instance of singleton bean 'freeMarkerConfigurer'
08:01:43 [http-nio-8080-exec-1] DEBUG o.s.b.f.s.DefaultListableBeanFactory - Invoking afterPropertiesSet() on bean with name 'login'
08:01:43 [http-nio-8080-exec-1] DEBUG freemarker.cache - TemplateLoader.findTemplateSource("login_zh_CN.ftl"): Not found
08:01:43 [http-nio-8080-exec-1] DEBUG freemarker.cache - TemplateLoader.findTemplateSource("login_zh.ftl"): Not found
08:01:43 [http-nio-8080-exec-1] DEBUG freemarker.cache - TemplateLoader.findTemplateSource("login.ftl"): Found
08:01:43 [http-nio-8080-exec-1] DEBUG freemarker.cache - "login.ftl"("zh_CN", UTF-8, parsed): using cached since D:\Program Files\demo\target\classes\templates\login.ftl hasn't changed.
08:01:43 [http-nio-8080-exec-1] DEBUG o.s.w.s.v.ContentNegotiatingViewResolver - Returning [org.springframework.web.servlet.view.freemarker.FreeMarkerView: name 'login'; URL [login.ftl]] based on requested media type 'text/html'
08:01:43 [http-nio-8080-exec-1] DEBUG o.s.w.servlet.DispatcherServlet - Rendering view [org.springframework.web.servlet.view.freemarker.FreeMarkerView: name 'login'; URL [login.ftl]] in DispatcherServlet with name 'dispatcherServlet'
08:01:43 [http-nio-8080-exec-1] DEBUG o.s.w.s.v.f.FreeMarkerView - Added model object 'springMacroRequestContext' of type [org.springframework.web.servlet.support.RequestContext] to request in view with name 'login'
08:01:43 [http-nio-8080-exec-1] DEBUG o.s.w.s.v.f.FreeMarkerView - Rendering FreeMarker template [login.ftl] in FreeMarkerView 'login'
08:01:43 [http-nio-8080-exec-1] DEBUG freemarker.cache - "login.ftl"("zh_CN", UTF-8, parsed) cached copy not yet stale; using cached.
08:01:43 [http-nio-8080-exec-1] DEBUG o.s.w.servlet.DispatcherServlet - Successfully completed request
08:01:43 [http-nio-8080-exec-1] DEBUG o.s.b.w.f.OrderedRequestContextFilter - Cleared thread-bound request context: org.apache.catalina.connector.RequestFacade@1f6077c
08:01:43 [http-nio-8080-exec-3] DEBUG o.s.b.w.f.OrderedRequestContextFilter - Bound request context to thread: org.apache.catalina.connector.RequestFacade@1f6077c
08:01:43 [http-nio-8080-exec-3] DEBUG o.s.w.servlet.DispatcherServlet - DispatcherServlet with name 'dispatcherServlet' processing GET request for [/icons/lock.png]
08:01:43 [http-nio-8080-exec-3] DEBUG o.s.w.s.m.m.a.RequestMappingHandlerMapping - Looking up handler method for path /icons/lock.png
08:01:43 [http-nio-8080-exec-3] DEBUG o.s.w.s.m.m.a.RequestMappingHandlerMapping - Did not find handler method for [/icons/lock.png]
08:01:43 [http-nio-8080-exec-3] DEBUG o.s.w.s.h.SimpleUrlHandlerMapping - Matching patterns for request [/icons/lock.png] are [/**]
08:01:43 [http-nio-8080-exec-3] DEBUG o.s.w.s.h.SimpleUrlHandlerMapping - URI Template variables for request [/icons/lock.png] are {}
08:01:43 [http-nio-8080-exec-3] DEBUG o.s.w.s.h.SimpleUrlHandlerMapping - Mapping [/icons/lock.png] to HandlerExecutionChain with handler [ResourceHttpRequestHandler [locations=[ServletContext resource [/], class path resource [META-INF/resources/], class path resource [resources/], class path resource [static/], class path resource [public/]], resolvers=[org.springframework.web.servlet.resource.PathResourceResolver@18fd7c1]]] and 1 interceptor
08:01:43 [http-nio-8080-exec-3] DEBUG o.s.w.servlet.DispatcherServlet - Last-Modified value for [/icons/lock.png] is: -1
08:01:43 [http-nio-8080-exec-3] DEBUG o.s.w.servlet.DispatcherServlet - Null ModelAndView returned to DispatcherServlet with name 'dispatcherServlet': assuming HandlerAdapter completed request handling
08:01:43 [http-nio-8080-exec-3] DEBUG o.s.w.servlet.DispatcherServlet - Successfully completed request
08:01:43 [http-nio-8080-exec-3] DEBUG o.s.b.w.f.OrderedRequestContextFilter - Cleared thread-bound request context: org.apache.catalina.connector.RequestFacade@1f6077c
08:01:43 [http-nio-8080-exec-3] DEBUG o.s.w.servlet.DispatcherServlet - DispatcherServlet with name 'dispatcherServlet' processing GET request for [/error]
08:01:43 [http-nio-8080-exec-3] DEBUG o.s.w.s.m.m.a.RequestMappingHandlerMapping - Looking up handler method for path /error
08:01:43 [http-nio-8080-exec-3] DEBUG o.s.w.s.m.m.a.RequestMappingHandlerMapping - Returning handler method [public org.springframework.http.ResponseEntity<java.util.Map<java.lang.String, java.lang.Object>> org.springframework.boot.autoconfigure.web.BasicErrorController.error(javax.servlet.http.HttpServletRequest)]
08:01:43 [http-nio-8080-exec-3] DEBUG o.s.b.f.s.DefaultListableBeanFactory - Returning cached instance of singleton bean 'basicErrorController'
08:01:43 [http-nio-8080-exec-3] DEBUG o.s.w.servlet.DispatcherServlet - Last-Modified value for [/error] is: -1
08:01:43 [http-nio-8080-exec-3] DEBUG o.s.w.s.m.m.a.HttpEntityMethodProcessor - Written [{timestamp=Wed Mar 28 16:01:43 CST 2018, status=404, error=Not Found, message=No message available, path=/icons/lock.png}] as "application/json" using [org.springframework.http.converter.json.MappingJackson2HttpMessageConverter@19de304]
08:01:43 [http-nio-8080-exec-3] DEBUG o.s.w.servlet.DispatcherServlet - Null ModelAndView returned to DispatcherServlet with name 'dispatcherServlet': assuming HandlerAdapter completed request handling
08:01:43 [http-nio-8080-exec-3] DEBUG o.s.w.servlet.DispatcherServlet - Successfully completed request
